2021-08-22_00:18:04.578 [main] [, ,  ] INFO  com.uploader.csvuploaded.CsvUploadedApplication - Starting CsvUploadedApplication using Java 11.0.12 on DESKTOP-D0IG8I7 with PID 8816 (D:\Xin Viec\Js - Melbourne\final-csv-uploaded\build\classes\java\main started by louis in D:\Xin Viec\Js - Melbourne\final-csv-uploaded)
2021-08-22_00:18:04.619 [main] [, ,  ] DEBUG com.uploader.csvuploaded.CsvUploadedApplication - Running with Spring Boot v2.5.0, Spring v5.3.7
2021-08-22_00:18:04.620 [main] [, ,  ] INFO  com.uploader.csvuploaded.CsvUploadedApplication - No active profile set, falling back to default profiles: default
2021-08-22_00:18:09.924 [main] [, ,  ] INFO  o.s.c.s.PostProcessorRegistrationDelegate$BeanPostProcessorChecker - Bean '(inner bean)#1283ca23' of type [com.amazonaws.auth.EC2ContainerCredentialsProviderWrapper] is not eligible for getting processed by all BeanPostProcessors (for example: not eligible for auto-proxying)
2021-08-22_00:18:09.979 [main] [, ,  ] INFO  o.s.c.s.PostProcessorRegistrationDelegate$BeanPostProcessorChecker - Bean '(inner bean)#6010d0d1' of type [com.amazonaws.auth.profile.ProfileCredentialsProvider] is not eligible for getting processed by all BeanPostProcessors (for example: not eligible for auto-proxying)
2021-08-22_00:18:09.987 [main] [, ,  ] INFO  o.s.c.s.PostProcessorRegistrationDelegate$BeanPostProcessorChecker - Bean 'credentialsProvider' of type [org.springframework.cloud.aws.core.credentials.CredentialsProviderFactoryBean] is not eligible for getting processed by all BeanPostProcessors (for example: not eligible for auto-proxying)
2021-08-22_00:18:09.988 [main] [, ,  ] INFO  o.s.c.s.PostProcessorRegistrationDelegate$BeanPostProcessorChecker - Bean 'credentialsProvider' of type [com.amazonaws.auth.AWSCredentialsProviderChain] is not eligible for getting processed by all BeanPostProcessors (for example: not eligible for auto-proxying)
2021-08-22_00:18:10.812 [main] [, ,  ] INFO  org.springframework.boot.web.embedded.tomcat.TomcatWebServer - Tomcat initialized with port(s): 8080 (http)
2021-08-22_00:18:10.832 [main] [, ,  ] INFO  org.apache.coyote.http11.Http11NioProtocol - Initializing ProtocolHandler ["http-nio-8080"]
2021-08-22_00:18:10.833 [main] [, ,  ] INFO  org.apache.catalina.core.StandardService - Starting service [Tomcat]
2021-08-22_00:18:10.834 [main] [, ,  ] INFO  org.apache.catalina.core.StandardEngine - Starting Servlet engine: [Apache Tomcat/9.0.46]
2021-08-22_00:18:11.719 [main] [, ,  ] INFO  org.apache.catalina.core.ContainerBase.[Tomcat].[localhost].[/] - Initializing Spring embedded WebApplicationContext
2021-08-22_00:18:11.720 [main] [, ,  ] INFO  o.s.boot.web.servlet.context.ServletWebServerApplicationContext - Root WebApplicationContext: initialization completed in 6941 ms
2021-08-22_00:19:20.683 [main] [, ,  ] INFO  com.uploader.csvuploaded.CsvUploadedApplication - Starting CsvUploadedApplication using Java 11.0.12 on DESKTOP-D0IG8I7 with PID 5460 (D:\Xin Viec\Js - Melbourne\final-csv-uploaded\build\classes\java\main started by louis in D:\Xin Viec\Js - Melbourne\final-csv-uploaded)
2021-08-22_00:19:20.688 [main] [, ,  ] DEBUG com.uploader.csvuploaded.CsvUploadedApplication - Running with Spring Boot v2.5.0, Spring v5.3.7
2021-08-22_00:19:20.689 [main] [, ,  ] INFO  com.uploader.csvuploaded.CsvUploadedApplication - No active profile set, falling back to default profiles: default
2021-08-22_00:19:24.607 [main] [, ,  ] INFO  o.s.c.s.PostProcessorRegistrationDelegate$BeanPostProcessorChecker - Bean '(inner bean)#2e1eb85f' of type [com.amazonaws.auth.EC2ContainerCredentialsProviderWrapper] is not eligible for getting processed by all BeanPostProcessors (for example: not eligible for auto-proxying)
2021-08-22_00:19:24.634 [main] [, ,  ] INFO  o.s.c.s.PostProcessorRegistrationDelegate$BeanPostProcessorChecker - Bean '(inner bean)#50085d9c' of type [com.amazonaws.auth.profile.ProfileCredentialsProvider] is not eligible for getting processed by all BeanPostProcessors (for example: not eligible for auto-proxying)
2021-08-22_00:19:24.642 [main] [, ,  ] INFO  o.s.c.s.PostProcessorRegistrationDelegate$BeanPostProcessorChecker - Bean 'credentialsProvider' of type [org.springframework.cloud.aws.core.credentials.CredentialsProviderFactoryBean] is not eligible for getting processed by all BeanPostProcessors (for example: not eligible for auto-proxying)
2021-08-22_00:19:24.643 [main] [, ,  ] INFO  o.s.c.s.PostProcessorRegistrationDelegate$BeanPostProcessorChecker - Bean 'credentialsProvider' of type [com.amazonaws.auth.AWSCredentialsProviderChain] is not eligible for getting processed by all BeanPostProcessors (for example: not eligible for auto-proxying)
2021-08-22_00:19:25.327 [main] [, ,  ] INFO  org.springframework.boot.web.embedded.tomcat.TomcatWebServer - Tomcat initialized with port(s): 8080 (http)
2021-08-22_00:19:25.344 [main] [, ,  ] INFO  org.apache.coyote.http11.Http11NioProtocol - Initializing ProtocolHandler ["http-nio-8080"]
2021-08-22_00:19:25.345 [main] [, ,  ] INFO  org.apache.catalina.core.StandardService - Starting service [Tomcat]
2021-08-22_00:19:25.345 [main] [, ,  ] INFO  org.apache.catalina.core.StandardEngine - Starting Servlet engine: [Apache Tomcat/9.0.46]
2021-08-22_00:19:26.739 [main] [, ,  ] INFO  org.apache.catalina.core.ContainerBase.[Tomcat].[localhost].[/] - Initializing Spring embedded WebApplicationContext
2021-08-22_00:19:26.740 [main] [, ,  ] INFO  o.s.boot.web.servlet.context.ServletWebServerApplicationContext - Root WebApplicationContext: initialization completed in 5913 ms
2021-08-22_00:19:28.843 [main] [, ,  ] INFO  o.springframework.boot.actuate.endpoint.web.EndpointLinksResolver - Exposing 1 endpoint(s) beneath base path '/actuator'
2021-08-22_00:19:28.964 [main] [, ,  ] INFO  s.d.spring.web.PropertySourcedRequestMappingHandlerMapping - Mapped URL path [/v2/api-docs] onto method [springfox.documentation.swagger2.web.Swagger2Controller#getDocumentation(String, HttpServletRequest)]
2021-08-22_00:19:29.891 [main] [, ,  ] INFO  org.apache.coyote.http11.Http11NioProtocol - Starting ProtocolHandler ["http-nio-8080"]
2021-08-22_00:19:29.926 [main] [, ,  ] INFO  org.springframework.boot.web.embedded.tomcat.TomcatWebServer - Tomcat started on port(s): 8080 (http) with context path ''
2021-08-22_00:19:29.929 [main] [, ,  ] INFO  s.d.spring.web.plugins.DocumentationPluginsBootstrapper - Context refreshed
2021-08-22_00:19:29.971 [main] [, ,  ] INFO  s.d.spring.web.plugins.DocumentationPluginsBootstrapper - Found 1 custom documentation plugin(s)
2021-08-22_00:19:30.093 [main] [, ,  ] INFO  s.documentation.spring.web.scanners.ApiListingReferenceScanner - Scanning for api listing references
2021-08-22_00:19:30.169 [http-nio-8080-exec-1] [, ,  ] INFO  org.apache.catalina.core.ContainerBase.[Tomcat].[localhost].[/] - Initializing Spring DispatcherServlet 'dispatcherServlet'
2021-08-22_00:19:30.171 [http-nio-8080-exec-1] [, ,  ] INFO  org.springframework.web.servlet.DispatcherServlet - Initializing Servlet 'dispatcherServlet'
2021-08-22_00:19:30.174 [http-nio-8080-exec-1] [, ,  ] INFO  org.springframework.web.servlet.DispatcherServlet - Completed initialization in 3 ms
2021-08-22_00:19:30.617 [main] [, ,  ] INFO  com.uploader.csvuploaded.CsvUploadedApplication - Started CsvUploadedApplication in 11.344 seconds (JVM running for 15.693)
2021-08-22_00:19:30.629 [main] [, ,  ] INFO  org.springframework.boot.availability.ApplicationAvailabilityBean - Application availability state LivenessState changed to CORRECT
2021-08-22_00:19:30.634 [main] [, ,  ] INFO  org.springframework.boot.availability.ApplicationAvailabilityBean - Application availability state ReadinessState changed to ACCEPTING_TRAFFIC
2021-08-22_00:19:49.381 [http-nio-8080-exec-9] [, ,  ] WARN  com.amazonaws.util.Base64 - JAXB is unavailable. Will fallback to SDK implementation which may be less performant
2021-08-22_00:19:50.206 [http-nio-8080-exec-9] [, ,  ] ERROR com.uploader.csvuploaded.service.impl.AmazonS3ClientServiceImpl - error [The AWS Access Key Id you provided does not exist in our records. (Service: Amazon S3; Status Code: 403; Error Code: InvalidAccessKeyId; Request ID: S8NA5PMY56YXCQHH; S3 Extended Request ID: gn07tp/HgaFT9Qr4/LXRrMScufQczkulhjzxbwIcDyffsPM/msyxxrZA3bfSQARX0FxCNZ+Saro=)] occurred while uploading [Demo csv.csv] 
com.amazonaws.services.s3.model.AmazonS3Exception: The AWS Access Key Id you provided does not exist in our records. (Service: Amazon S3; Status Code: 403; Error Code: InvalidAccessKeyId; Request ID: S8NA5PMY56YXCQHH; S3 Extended Request ID: gn07tp/HgaFT9Qr4/LXRrMScufQczkulhjzxbwIcDyffsPM/msyxxrZA3bfSQARX0FxCNZ+Saro=)
	at com.amazonaws.http.AmazonHttpClient$RequestExecutor.handleErrorResponse(AmazonHttpClient.java:1632)
	at com.amazonaws.http.AmazonHttpClient$RequestExecutor.executeOneRequest(AmazonHttpClient.java:1304)
	at com.amazonaws.http.AmazonHttpClient$RequestExecutor.executeHelper(AmazonHttpClient.java:1058)
	at com.amazonaws.http.AmazonHttpClient$RequestExecutor.doExecute(AmazonHttpClient.java:743)
	at com.amazonaws.http.AmazonHttpClient$RequestExecutor.executeWithTimer(AmazonHttpClient.java:717)
	at com.amazonaws.http.AmazonHttpClient$RequestExecutor.execute(AmazonHttpClient.java:699)
	at com.amazonaws.http.AmazonHttpClient$RequestExecutor.access$500(AmazonHttpClient.java:667)
	at com.amazonaws.http.AmazonHttpClient$RequestExecutionBuilderImpl.execute(AmazonHttpClient.java:649)
	at com.amazonaws.http.AmazonHttpClient.execute(AmazonHttpClient.java:513)
	at com.amazonaws.services.s3.AmazonS3Client.invoke(AmazonS3Client.java:4365)
	at com.amazonaws.services.s3.AmazonS3Client.invoke(AmazonS3Client.java:4312)
	at com.amazonaws.services.s3.AmazonS3Client.putObject(AmazonS3Client.java:1755)
	at com.uploader.csvuploaded.service.impl.AmazonS3ClientServiceImpl.uploadFileToS3Bucket(AmazonS3ClientServiceImpl.java:65)
	at com.uploader.csvuploaded.web.UploaderController.uploadFile(UploaderController.java:35)
	at java.base/jdk.internal.reflect.NativeMethodAccessorImpl.invoke0(Native Method)
	at java.base/jdk.internal.reflect.NativeMethodAccessorImpl.invoke(NativeMethodAccessorImpl.java:62)
	at java.base/jdk.internal.reflect.DelegatingMethodAccessorImpl.invoke(DelegatingMethodAccessorImpl.java:43)
	at java.base/java.lang.reflect.Method.invoke(Method.java:566)
	at org.springframework.web.method.support.InvocableHandlerMethod.doInvoke(InvocableHandlerMethod.java:197)
	at org.springframework.web.method.support.InvocableHandlerMethod.invokeForRequest(InvocableHandlerMethod.java:141)
	at org.springframework.web.servlet.mvc.method.annotation.ServletInvocableHandlerMethod.invokeAndHandle(ServletInvocableHandlerMethod.java:106)
	at org.springframework.web.servlet.mvc.method.annotation.RequestMappingHandlerAdapter.invokeHandlerMethod(RequestMappingHandlerAdapter.java:894)
	at org.springframework.web.servlet.mvc.method.annotation.RequestMappingHandlerAdapter.handleInternal(RequestMappingHandlerAdapter.java:808)
	at org.springframework.web.servlet.mvc.method.AbstractHandlerMethodAdapter.handle(AbstractHandlerMethodAdapter.java:87)
	at org.springframework.web.servlet.DispatcherServlet.doDispatch(DispatcherServlet.java:1063)
	at org.springframework.web.servlet.DispatcherServlet.doService(DispatcherServlet.java:963)
	at org.springframework.web.servlet.FrameworkServlet.processRequest(FrameworkServlet.java:1006)
	at org.springframework.web.servlet.FrameworkServlet.doPost(FrameworkServlet.java:909)
	at javax.servlet.http.HttpServlet.service(HttpServlet.java:652)
	at org.springframework.web.servlet.FrameworkServlet.service(FrameworkServlet.java:883)
	at javax.servlet.http.HttpServlet.service(HttpServlet.java:733)
	at org.apache.catalina.core.ApplicationFilterChain.internalDoFilter(ApplicationFilterChain.java:227)
	at org.apache.catalina.core.ApplicationFilterChain.doFilter(ApplicationFilterChain.java:162)
	at org.apache.tomcat.websocket.server.WsFilter.doFilter(WsFilter.java:53)
	at org.apache.catalina.core.ApplicationFilterChain.internalDoFilter(ApplicationFilterChain.java:189)
	at org.apache.catalina.core.ApplicationFilterChain.doFilter(ApplicationFilterChain.java:162)
	at org.springframework.web.filter.RequestContextFilter.doFilterInternal(RequestContextFilter.java:100)
	at org.springframework.web.filter.OncePerRequestFilter.doFilter(OncePerRequestFilter.java:119)
	at org.apache.catalina.core.ApplicationFilterChain.internalDoFilter(ApplicationFilterChain.java:189)
	at org.apache.catalina.core.ApplicationFilterChain.doFilter(ApplicationFilterChain.java:162)
	at org.springframework.web.filter.FormContentFilter.doFilterInternal(FormContentFilter.java:93)
	at org.springframework.web.filter.OncePerRequestFilter.doFilter(OncePerRequestFilter.java:119)
	at org.apache.catalina.core.ApplicationFilterChain.internalDoFilter(ApplicationFilterChain.java:189)
	at org.apache.catalina.core.ApplicationFilterChain.doFilter(ApplicationFilterChain.java:162)
	at org.springframework.boot.actuate.metrics.web.servlet.WebMvcMetricsFilter.doFilterInternal(WebMvcMetricsFilter.java:96)
	at org.springframework.web.filter.OncePerRequestFilter.doFilter(OncePerRequestFilter.java:119)
	at org.apache.catalina.core.ApplicationFilterChain.internalDoFilter(ApplicationFilterChain.java:189)
	at org.apache.catalina.core.ApplicationFilterChain.doFilter(ApplicationFilterChain.java:162)
	at org.springframework.web.filter.CharacterEncodingFilter.doFilterInternal(CharacterEncodingFilter.java:201)
	at org.springframework.web.filter.OncePerRequestFilter.doFilter(OncePerRequestFilter.java:119)
	at org.apache.catalina.core.ApplicationFilterChain.internalDoFilter(ApplicationFilterChain.java:189)
	at org.apache.catalina.core.ApplicationFilterChain.doFilter(ApplicationFilterChain.java:162)
	at org.apache.catalina.core.StandardWrapperValve.invoke(StandardWrapperValve.java:202)
	at org.apache.catalina.core.StandardContextValve.invoke(StandardContextValve.java:97)
	at org.apache.catalina.authenticator.AuthenticatorBase.invoke(AuthenticatorBase.java:542)
	at org.apache.catalina.core.StandardHostValve.invoke(StandardHostValve.java:143)
	at org.apache.catalina.valves.ErrorReportValve.invoke(ErrorReportValve.java:92)
	at org.apache.catalina.core.StandardEngineValve.invoke(StandardEngineValve.java:78)
	at org.apache.catalina.connector.CoyoteAdapter.service(CoyoteAdapter.java:357)
	at org.apache.coyote.http11.Http11Processor.service(Http11Processor.java:374)
	at org.apache.coyote.AbstractProcessorLight.process(AbstractProcessorLight.java:65)
	at org.apache.coyote.AbstractProtocol$ConnectionHandler.process(AbstractProtocol.java:893)
	at org.apache.tomcat.util.net.NioEndpoint$SocketProcessor.doRun(NioEndpoint.java:1707)
	at org.apache.tomcat.util.net.SocketProcessorBase.run(SocketProcessorBase.java:49)
	at java.base/java.util.concurrent.ThreadPoolExecutor.runWorker(ThreadPoolExecutor.java:1128)
	at java.base/java.util.concurrent.ThreadPoolExecutor$Worker.run(ThreadPoolExecutor.java:628)
	at org.apache.tomcat.util.threads.TaskThread$WrappingRunnable.run(TaskThread.java:61)
	at java.base/java.lang.Thread.run(Thread.java:829)
2021-08-22_00:22:01.081 [main] [, ,  ] INFO  com.uploader.csvuploaded.CsvUploadedApplication - Starting CsvUploadedApplication using Java 11.0.12 on DESKTOP-D0IG8I7 with PID 10984 (D:\Xin Viec\Js - Melbourne\final-csv-uploaded\build\classes\java\main started by louis in D:\Xin Viec\Js - Melbourne\final-csv-uploaded)
2021-08-22_00:22:01.091 [main] [, ,  ] DEBUG com.uploader.csvuploaded.CsvUploadedApplication - Running with Spring Boot v2.5.0, Spring v5.3.7
2021-08-22_00:22:01.092 [main] [, ,  ] INFO  com.uploader.csvuploaded.CsvUploadedApplication - No active profile set, falling back to default profiles: default
2021-08-22_00:22:05.898 [main] [, ,  ] INFO  o.s.c.s.PostProcessorRegistrationDelegate$BeanPostProcessorChecker - Bean '(inner bean)#22825e1e' of type [com.amazonaws.auth.EC2ContainerCredentialsProviderWrapper] is not eligible for getting processed by all BeanPostProcessors (for example: not eligible for auto-proxying)
2021-08-22_00:22:05.934 [main] [, ,  ] INFO  o.s.c.s.PostProcessorRegistrationDelegate$BeanPostProcessorChecker - Bean '(inner bean)#59845579' of type [com.amazonaws.auth.profile.ProfileCredentialsProvider] is not eligible for getting processed by all BeanPostProcessors (for example: not eligible for auto-proxying)
2021-08-22_00:22:05.939 [main] [, ,  ] INFO  o.s.c.s.PostProcessorRegistrationDelegate$BeanPostProcessorChecker - Bean 'credentialsProvider' of type [org.springframework.cloud.aws.core.credentials.CredentialsProviderFactoryBean] is not eligible for getting processed by all BeanPostProcessors (for example: not eligible for auto-proxying)
2021-08-22_00:22:05.940 [main] [, ,  ] INFO  o.s.c.s.PostProcessorRegistrationDelegate$BeanPostProcessorChecker - Bean 'credentialsProvider' of type [com.amazonaws.auth.AWSCredentialsProviderChain] is not eligible for getting processed by all BeanPostProcessors (for example: not eligible for auto-proxying)
2021-08-22_00:22:06.587 [main] [, ,  ] INFO  org.springframework.boot.web.embedded.tomcat.TomcatWebServer - Tomcat initialized with port(s): 8080 (http)
2021-08-22_00:22:06.610 [main] [, ,  ] INFO  org.apache.coyote.http11.Http11NioProtocol - Initializing ProtocolHandler ["http-nio-8080"]
2021-08-22_00:22:06.611 [main] [, ,  ] INFO  org.apache.catalina.core.StandardService - Starting service [Tomcat]
2021-08-22_00:22:06.612 [main] [, ,  ] INFO  org.apache.catalina.core.StandardEngine - Starting Servlet engine: [Apache Tomcat/9.0.46]
2021-08-22_00:22:07.508 [main] [, ,  ] INFO  org.apache.catalina.core.ContainerBase.[Tomcat].[localhost].[/] - Initializing Spring embedded WebApplicationContext
2021-08-22_00:22:07.508 [main] [, ,  ] INFO  o.s.boot.web.servlet.context.ServletWebServerApplicationContext - Root WebApplicationContext: initialization completed in 6208 ms
2021-08-22_00:22:45.299 [main] [, ,  ] INFO  com.uploader.csvuploaded.CsvUploadedApplication - Starting CsvUploadedApplication using Java 11.0.12 on DESKTOP-D0IG8I7 with PID 628 (D:\Xin Viec\Js - Melbourne\final-csv-uploaded\build\classes\java\main started by louis in D:\Xin Viec\Js - Melbourne\final-csv-uploaded)
2021-08-22_00:22:45.305 [main] [, ,  ] DEBUG com.uploader.csvuploaded.CsvUploadedApplication - Running with Spring Boot v2.5.0, Spring v5.3.7
2021-08-22_00:22:45.305 [main] [, ,  ] INFO  com.uploader.csvuploaded.CsvUploadedApplication - No active profile set, falling back to default profiles: default
2021-08-22_00:22:49.832 [main] [, ,  ] INFO  o.s.c.s.PostProcessorRegistrationDelegate$BeanPostProcessorChecker - Bean '(inner bean)#902fdbe' of type [com.amazonaws.auth.EC2ContainerCredentialsProviderWrapper] is not eligible for getting processed by all BeanPostProcessors (for example: not eligible for auto-proxying)
2021-08-22_00:22:49.859 [main] [, ,  ] INFO  o.s.c.s.PostProcessorRegistrationDelegate$BeanPostProcessorChecker - Bean '(inner bean)#2d7637e6' of type [com.amazonaws.auth.profile.ProfileCredentialsProvider] is not eligible for getting processed by all BeanPostProcessors (for example: not eligible for auto-proxying)
2021-08-22_00:22:49.863 [main] [, ,  ] INFO  o.s.c.s.PostProcessorRegistrationDelegate$BeanPostProcessorChecker - Bean 'credentialsProvider' of type [org.springframework.cloud.aws.core.credentials.CredentialsProviderFactoryBean] is not eligible for getting processed by all BeanPostProcessors (for example: not eligible for auto-proxying)
2021-08-22_00:22:49.863 [main] [, ,  ] INFO  o.s.c.s.PostProcessorRegistrationDelegate$BeanPostProcessorChecker - Bean 'credentialsProvider' of type [com.amazonaws.auth.AWSCredentialsProviderChain] is not eligible for getting processed by all BeanPostProcessors (for example: not eligible for auto-proxying)
2021-08-22_00:22:50.479 [main] [, ,  ] INFO  org.springframework.boot.web.embedded.tomcat.TomcatWebServer - Tomcat initialized with port(s): 8080 (http)
2021-08-22_00:22:50.496 [main] [, ,  ] INFO  org.apache.coyote.http11.Http11NioProtocol - Initializing ProtocolHandler ["http-nio-8080"]
2021-08-22_00:22:50.497 [main] [, ,  ] INFO  org.apache.catalina.core.StandardService - Starting service [Tomcat]
2021-08-22_00:22:50.497 [main] [, ,  ] INFO  org.apache.catalina.core.StandardEngine - Starting Servlet engine: [Apache Tomcat/9.0.46]
2021-08-22_00:22:51.352 [main] [, ,  ] INFO  org.apache.catalina.core.ContainerBase.[Tomcat].[localhost].[/] - Initializing Spring embedded WebApplicationContext
2021-08-22_00:22:51.353 [main] [, ,  ] INFO  o.s.boot.web.servlet.context.ServletWebServerApplicationContext - Root WebApplicationContext: initialization completed in 5826 ms
2021-08-22_00:22:53.588 [main] [, ,  ] INFO  o.springframework.boot.actuate.endpoint.web.EndpointLinksResolver - Exposing 1 endpoint(s) beneath base path '/actuator'
2021-08-22_00:22:53.733 [main] [, ,  ] INFO  s.d.spring.web.PropertySourcedRequestMappingHandlerMapping - Mapped URL path [/v2/api-docs] onto method [springfox.documentation.swagger2.web.Swagger2Controller#getDocumentation(String, HttpServletRequest)]
2021-08-22_00:22:54.697 [main] [, ,  ] INFO  org.apache.coyote.http11.Http11NioProtocol - Starting ProtocolHandler ["http-nio-8080"]
2021-08-22_00:22:54.736 [main] [, ,  ] INFO  org.springframework.boot.web.embedded.tomcat.TomcatWebServer - Tomcat started on port(s): 8080 (http) with context path ''
2021-08-22_00:22:54.738 [main] [, ,  ] INFO  s.d.spring.web.plugins.DocumentationPluginsBootstrapper - Context refreshed
2021-08-22_00:22:54.782 [main] [, ,  ] INFO  s.d.spring.web.plugins.DocumentationPluginsBootstrapper - Found 1 custom documentation plugin(s)
2021-08-22_00:22:54.861 [main] [, ,  ] INFO  s.documentation.spring.web.scanners.ApiListingReferenceScanner - Scanning for api listing references
2021-08-22_00:22:54.983 [http-nio-8080-exec-1] [, ,  ] INFO  org.apache.catalina.core.ContainerBase.[Tomcat].[localhost].[/] - Initializing Spring DispatcherServlet 'dispatcherServlet'
2021-08-22_00:22:54.984 [http-nio-8080-exec-1] [, ,  ] INFO  org.springframework.web.servlet.DispatcherServlet - Initializing Servlet 'dispatcherServlet'
2021-08-22_00:22:54.987 [http-nio-8080-exec-1] [, ,  ] INFO  org.springframework.web.servlet.DispatcherServlet - Completed initialization in 2 ms
2021-08-22_00:22:55.497 [main] [, ,  ] INFO  com.uploader.csvuploaded.CsvUploadedApplication - Started CsvUploadedApplication in 11.56 seconds (JVM running for 15.716)
2021-08-22_00:22:55.518 [main] [, ,  ] INFO  org.springframework.boot.availability.ApplicationAvailabilityBean - Application availability state LivenessState changed to CORRECT
2021-08-22_00:22:55.528 [main] [, ,  ] INFO  org.springframework.boot.availability.ApplicationAvailabilityBean - Application availability state ReadinessState changed to ACCEPTING_TRAFFIC
2021-08-22_00:23:04.732 [http-nio-8080-exec-8] [, ,  ] WARN  com.amazonaws.util.Base64 - JAXB is unavailable. Will fallback to SDK implementation which may be less performant
2021-08-22_00:23:05.492 [http-nio-8080-exec-8] [, ,  ] INFO  com.uploader.csvuploaded.service.impl.AmazonSqsClientServiceImpl - Sending the message UploadingMessage{id='c146f861-92f9-4ecf-bf59-719ba142e2a7', bucketName='ms-uploading-csv', csvFileName='Demo csv.csv'} to the Amazon sqs ms-uploader.
2021-08-22_00:23:05.779 [http-nio-8080-exec-8] [, ,  ] INFO  com.uploader.csvuploaded.service.impl.AmazonSqsClientServiceImpl - Message UploadingMessage{id='c146f861-92f9-4ecf-bf59-719ba142e2a7', bucketName='ms-uploading-csv', csvFileName='Demo csv.csv'} sent successfully to the Amazon sqs ms-uploader.
